[0m[[0m[0mdebug[0m] [0m[0m> Exec(testOnly fp1tests --, Some(de77230e-95bf-4807-aa5e-07de8e83f921), Some(CommandSource(console0)))[0m
[0m[[0m[0mdebug[0m] [0m[0mEvaluating tasks: Test / testOnly[0m
[0m[[0m[0mdebug[0m] [0m[0mRunning task... Cancel: Signal, check cycles: false, forcegc: true[0m
[0m[[0m[0minfo[0m] [0m[0m[32mfp1tests:[0m[0m
[0m[[0m[0minfo[0m] [0m[0m[32m- EX01 - factTest[0m[0m
[0m[[0m[0minfo[0m] [0m[0m[32m- EX02 - fib[0m[0m
[0m[[0m[0minfo[0m] [0m[0m[32m- EX03 - p1[0m[0m
[0m[[0m[0minfo[0m] [0m[0m[32m- EX04 - t1[0m[0m
[0m[[0m[0minfo[0m] [0m[0m[32m- EX05 - swap[0m[0m
[0m[[0m[0minfo[0m] [0m[0m[32m- EX06 - sum[0m[0m
[0m[[0m[0minfo[0m] [0m[0m[32m- EX07 - sumTail[0m[0m
[0m[[0m[0minfo[0m] [0m[0m[32m- EX08 - maxList[0m[0m
[0m[[0m[0minfo[0m] [0m[0m[32m- EX09 - maxTailAux[0m[0m
[0m[[0m[0minfo[0m] [0m[0m[32m- EX10 - otpu[0m[0m
[0m[[0m[0minfo[0m] [0m[0m[36mRun completed in 292 milliseconds.[0m[0m
[0m[[0m[0minfo[0m] [0m[0m[36mTotal number of tests run: 10[0m[0m
[0m[[0m[0minfo[0m] [0m[0m[36mSuites: completed 1, aborted 0[0m[0m
[0m[[0m[0minfo[0m] [0m[0m[36mTests: succeeded 10, failed 0, canceled 0, ignored 0, pending 0[0m[0m
[0m[[0m[0minfo[0m] [0m[0m[32mAll tests passed.[0m[0m
[0m[[0m[32msuccess[0m] [0m[0mTotal time: 0 s, completed Apr 27, 2022 3:32:24 PM[0m
[0m[[0m[0mdebug[0m] [0m[0m> Exec(shell, None, None)[0m
